2022-02-21 19:56:17,044 - pyswarms.single.global_best - INFO - Optimize for 1000 iters with {'c1': 1.5, 'c2': 1.5, 'w': 0.5}
2022-02-21 19:57:34,946 - pyswarms.single.global_best - INFO - Optimize for 1000 iters with {'c1': 1.5, 'c2': 1.5, 'w': 0.5}
2022-02-21 19:58:18,679 - pyswarms.single.global_best - INFO - Optimize for 1000 iters with {'c1': 1.5, 'c2': 1.5, 'w': 0.5}
2022-02-21 19:58:20,216 - pyswarms.single.global_best - INFO - Optimization finished | best cost: -1.4032203970210893e-11, best pos: [-528.35852747  -28.74981331   -6.78671681  -76.47138811   47.30333668
  -77.90811791]
2022-02-21 20:00:00,804 - pyswarms.single.global_best - INFO - Optimize for 1000 iters with {'c1': 1.5, 'c2': 1.5, 'w': 0.5}
2022-02-21 20:00:02,289 - pyswarms.single.global_best - INFO - Optimization finished | best cost: -4.791088161125247e-13, best pos: [-528.83687035  -33.95188984   -1.01013544  -84.00833142    4.2023146
  -85.98149154]
2022-02-21 20:01:57,088 - pyswarms.single.global_best - INFO - Optimize for 1000 iters with {'c1': 1.5, 'c2': 1.5, 'w': 0.5}
2022-02-21 20:01:58,115 - pyswarms.single.global_best - INFO - Optimization finished | best cost: -1.948917218084846e-12, best pos: [-517.77145711   72.68968865  -49.94367     -88.88822433   15.69281406
  -81.38709244]
2022-02-21 20:02:28,978 - pyswarms.single.global_best - INFO - Optimize for 1000 iters with {'c1': 1.5, 'c2': 1.5, 'w': 0.5}
2022-02-21 20:02:30,020 - pyswarms.single.global_best - INFO - Optimization finished | best cost: -6.756246356027467e-12, best pos: [-531.86728366  -10.54164121   59.52701959  -84.71855917   28.52401803
  -87.47598467]
2022-02-21 20:06:57,209 - pyswarms.single.global_best - INFO - Optimize for 1000 iters with {'c1': 1.5, 'c2': 1.5, 'w': 0.5}
2022-02-21 20:08:46,052 - pyswarms.single.global_best - INFO - Optimize for 1000 iters with {'c1': 1.5, 'c2': 1.5, 'w': 0.5}
2022-02-21 20:16:34,469 - pyswarms.single.global_best - INFO - Optimize for 1000 iters with {'c1': 1.5, 'c2': 1.5, 'w': 0.5}
2022-02-21 20:17:24,506 - pyswarms.single.global_best - INFO - Optimization finished | best cost: 0.0, best pos: [-527.48216159   63.56660933   89.88539138  -90.73178347   -2.72030668
  -92.57179687]
2022-02-21 20:17:54,400 - pyswarms.single.global_best - INFO - Optimize for 1000 iters with {'c1': 1.5, 'c2': 1.5, 'w': 0.5}
2022-02-21 20:17:55,446 - pyswarms.single.global_best - INFO - Optimization finished | best cost: 0.0, best pos: [-527.66671986   61.12046921   92.93531042  -90.55243992   -3.07637816
  -92.80376992]
2022-02-21 20:19:31,594 - pyswarms.single.global_best - INFO - Optimize for 1000 iters with {'c1': 1.5, 'c2': 1.5, 'w': 0.5}
2022-02-21 20:19:32,695 - pyswarms.single.global_best - INFO - Optimization finished | best cost: 0.0, best pos: [-525.80593231    4.12965501  -26.68422497  -87.64923685   -6.97161431
  -85.2415652 ]
2022-02-21 20:20:51,092 - pyswarms.single.global_best - INFO - Optimize for 1000 iters with {'c1': 1.5, 'c2': 1.5, 'w': 0.5}
2022-02-21 20:20:53,488 - pyswarms.single.global_best - INFO - Optimization finished | best cost: 0.0, best pos: [-5.28933960e+02 -1.48014255e+01  2.92587916e-01 -8.47042794e+01
  1.00184584e+01 -8.54846007e+01]
2022-02-21 20:22:28,334 - pyswarms.single.global_best - INFO - Optimize for 1000 iters with {'c1': 1.5, 'c2': 1.5, 'w': 0.5}
2022-02-21 20:22:30,748 - pyswarms.single.global_best - INFO - Optimization finished | best cost: 0.0, best pos: [-529.78253712    7.19965768  129.25837332  -86.41973159   -9.41291511
  -95.8003603 ]
2022-02-21 20:22:55,606 - pyswarms.single.global_best - INFO - Optimize for 1000 iters with {'c1': 1.5, 'c2': 1.5, 'w': 0.5}
2022-02-21 20:22:58,037 - pyswarms.single.global_best - INFO - Optimization finished | best cost: 0.0, best pos: [-527.7910585    59.79307483   93.19647203  -90.43937522   -3.99153809
  -92.90272539]
2022-02-21 20:24:10,419 - pyswarms.single.global_best - INFO - Optimize for 1000 iters with {'c1': 1.5, 'c2': 1.5, 'w': 0.5}
2022-02-21 20:24:33,207 - pyswarms.single.global_best - INFO - Optimization finished | best cost: 0.0, best pos: [-527.54736238   59.0543245   104.36261158  -90.61319312   40.15726542
  -89.65391714]
2022-02-21 20:29:58,661 - pyswarms.single.global_best - INFO - Optimize for 500 iters with {'c1': 1.5, 'c2': 1.5, 'w': 0.5}
2022-02-21 20:30:10,219 - pyswarms.single.global_best - INFO - Optimization finished | best cost: 0.0, best pos: [-524.42619205   82.90464483   32.0650234   -92.67258509  -16.91684883
  -89.94305762]
2022-02-21 20:32:23,622 - pyswarms.single.global_best - INFO - Optimize for 500 iters with {'c1': 1.5, 'c2': 1.5, 'w': 0.5}
2022-02-21 20:32:39,988 - pyswarms.single.global_best - INFO - Optimization finished | best cost: 0.0, best pos: [-526.81786978   35.13995682   -0.91542592  -88.16593833    8.0832536
  -85.60556285]
2022-02-21 20:39:06,921 - pyswarms.single.global_best - INFO - Optimize for 500 iters with {'c1': 1.5, 'c2': 1.5, 'w': 0.5}
2022-02-21 20:40:06,360 - pyswarms.single.global_best - INFO - Optimize for 500 iters with {'c1': 1.5, 'c2': 1.5, 'w': 0.5}
2022-02-21 20:40:36,642 - pyswarms.single.global_best - INFO - Optimize for 500 iters with {'c1': 1.5, 'c2': 1.5, 'w': 0.5}
2022-02-21 20:42:13,145 - pyswarms.single.global_best - INFO - Optimize for 500 iters with {'c1': 1.5, 'c2': 1.5, 'w': 0.5}
2022-02-21 20:45:18,960 - pyswarms.single.global_best - INFO - Optimize for 500 iters with {'c1': 1.5, 'c2': 1.5, 'w': 0.5}
2022-02-21 20:47:38,858 - pyswarms.single.global_best - INFO - Optimize for 500 iters with {'c1': 1.5, 'c2': 1.5, 'w': 0.5}
2022-02-21 20:48:31,413 - pyswarms.single.global_best - INFO - Optimize for 500 iters with {'c1': 1.5, 'c2': 1.5, 'w': 0.5}
2022-02-21 20:49:28,738 - pyswarms.single.global_best - INFO - Optimize for 500 iters with {'c1': 1.5, 'c2': 1.5, 'w': 0.5}
2022-02-21 20:49:44,636 - pyswarms.single.global_best - INFO - Optimize for 500 iters with {'c1': 1.5, 'c2': 1.5, 'w': 0.5}
2022-02-21 20:49:56,345 - pyswarms.single.global_best - INFO - Optimization finished | best cost: 1.7565670273423477, best pos: [-527.6144164    64.34875391   85.07682032  -90.80566117   -1.7458988
  -92.16428342]
2022-02-21 20:50:35,940 - pyswarms.single.global_best - INFO - Optimize for 500 iters with {'c1': 1.5, 'c2': 1.5, 'w': 0.5}
2022-02-21 20:50:47,772 - pyswarms.single.global_best - INFO - Optimization finished | best cost: 1.7565670273423473, best pos: [-527.61441623   64.34875377   85.07682229  -90.80566116   -1.7458988
  -92.16428355]
2022-02-21 20:51:13,237 - pyswarms.single.global_best - INFO - Optimize for 500 iters with {'c1': 1.5, 'c2': 1.5, 'w': 0.5}
2022-02-21 20:51:25,061 - pyswarms.single.global_best - INFO - Optimization finished | best cost: 1.7565670273423504, best pos: [-527.61441613   64.34875363   85.07682135  -90.80566117   -1.74589878
  -92.16428349]
2022-02-21 20:52:27,164 - pyswarms.single.global_best - INFO - Optimize for 500 iters with {'c1': 1.5, 'c2': 1.5, 'w': 0.5}
2022-02-21 20:52:29,570 - pyswarms.single.global_best - INFO - Optimization finished | best cost: 1.7565670273423513, best pos: [-527.61441646   64.34875336   85.07682054  -90.80566113   -1.74589882
  -92.16428344]
2022-02-21 20:53:46,361 - pyswarms.single.global_best - INFO - Optimize for 500 iters with {'c1': 1.5, 'c2': 1.5, 'w': 0.5}
2022-02-21 20:53:48,753 - pyswarms.single.global_best - INFO - Optimization finished | best cost: 1.7565670273423526, best pos: [-527.6144163    64.34875315   85.0768221   -90.80566112   -1.74589885
  -92.16428354]
2022-02-21 20:58:36,165 - pyswarms.single.global_best - INFO - Optimize for 500 iters with {'c1': 1.5, 'c2': 1.5, 'w': 0.5}
2022-02-21 20:58:38,569 - pyswarms.single.global_best - INFO - Optimization finished | best cost: 1.7565670273423482, best pos: [-527.61441634   64.34875316   85.0768214   -90.80566111   -1.74589881
  -92.1642835 ]
2022-02-22 12:37:11,580 - pyswarms.single.global_best - INFO - Optimize for 500 iters with {'c1': 1.5, 'c2': 1.5, 'w': 0.5}
2022-02-22 12:37:13,978 - pyswarms.single.global_best - INFO - Optimization finished | best cost: 1.7565670273423761, best pos: [-527.61441657   64.34875329   85.07681941  -90.80566113   -1.74589883
  -92.16428337]
2022-02-22 12:40:41,494 - pyswarms.single.global_best - INFO - Optimize for 500 iters with {'c1': 1.5, 'c2': 1.5, 'w': 0.5}
2022-02-22 12:41:35,685 - pyswarms.single.global_best - INFO - Optimize for 500 iters with {'c1': 1.5, 'c2': 1.5, 'w': 0.5}
2022-02-22 12:41:37,808 - pyswarms.single.global_best - INFO - Optimization finished | best cost: 1.898310926716144, best pos: [-527.54047284   63.79996614   84.37148793  -90.77875821   -1.76094378
  -92.12507075]
2022-02-22 12:44:06,703 - pyswarms.single.global_best - INFO - Optimize for 500 iters with {'c1': 1.5, 'c2': 1.5, 'w': 0.5}
2022-02-22 12:44:08,847 - pyswarms.single.global_best - INFO - Optimization finished | best cost: 1.8983109267161302, best pos: [-527.54047272   63.79996701   84.37148571  -90.77875827   -1.7609438
  -92.1250706 ]
2022-02-22 14:34:41,102 - pyswarms.single.global_best - INFO - Optimize for 500 iters with {'c1': 1.5, 'c2': 1.5, 'w': 0.5}
2022-02-22 14:34:43,244 - pyswarms.single.global_best - INFO - Optimization finished | best cost: 1.8983109267161757, best pos: [-527.54047285   63.79996591   84.37148935  -90.77875819   -1.76094377
  -92.12507084]
